[debug] [2021-04-18T16:22:20.022Z] ----------------------------------------------------------------------
[debug] [2021-04-18T16:22:20.025Z] Command:       /home/sahil/.nvm/versions/node/v12.20.0/bin/node /usr/bin/firebase deploy
[debug] [2021-04-18T16:22:20.025Z] CLI Version:   9.10.0
[debug] [2021-04-18T16:22:20.025Z] Platform:      linux
[debug] [2021-04-18T16:22:20.025Z] Node Version:  v12.20.0
[debug] [2021-04-18T16:22:20.026Z] Time:          Sun Apr 18 2021 21:52:20 GMT+0530 (India Standard Time)
[debug] [2021-04-18T16:22:20.026Z] ----------------------------------------------------------------------
[debug] 
[debug] [2021-04-18T16:22:20.033Z] > command requires scopes: ["email","openid","https://www.googleapis.com/auth/cloudplatformprojects.readonly","https://www.googleapis.com/auth/firebase","https://www.googleapis.com/auth/cloud-platform"]
[debug] [2021-04-18T16:22:20.033Z] > authorizing via signed-in user (sahil.appknit@gmail.com)
[debug] [2021-04-18T16:22:20.034Z] [iam] checking project forkify-21e1b for permissions ["firebase.projects.get","firebasehosting.sites.update"]
[debug] [2021-04-18T16:22:20.036Z] >>> HTTP REQUEST POST https://cloudresourcemanager.googleapis.com/v1/projects/forkify-21e1b:testIamPermissions  
 {"permissions":["firebase.projects.get","firebasehosting.sites.update"]}
[debug] [2021-04-18T16:22:21.843Z] <<< HTTP RESPONSE 200 {"content-type":"application/json; charset=UTF-8","vary":"X-Origin, Referer, Origin,Accept-Encoding","date":"Sun, 18 Apr 2021 16:22:21 GMT","server":"ESF","cache-control":"private","x-xss-protection":"0","x-frame-options":"SAMEORIGIN","x-content-type-options":"nosniff","server-timing":"gfet4t7; dur=1350","alt-svc":"h3-29=\":443\"; ma=2592000,h3-T051=\":443\"; ma=2592000,h3-Q050=\":443\"; ma=2592000,h3-Q046=\":443\"; ma=2592000,h3-Q043=\":443\"; ma=2592000,quic=\":443\"; ma=2592000; v=\"46,43\"","accept-ranges":"none","transfer-encoding":"chunked"}
[debug] [2021-04-18T16:22:21.849Z] > refreshing access token with scopes: []
[debug] [2021-04-18T16:22:21.850Z] >>> HTTP REQUEST POST https://www.googleapis.com/oauth2/v3/token  
 <request body omitted>
[debug] [2021-04-18T16:22:22.820Z] <<< HTTP RESPONSE 200 {"expires":"Mon, 01 Jan 1990 00:00:00 GMT","date":"Sun, 18 Apr 2021 16:22:22 GMT","cache-control":"no-cache, no-store, max-age=0, must-revalidate","pragma":"no-cache","content-type":"application/json; charset=utf-8","vary":"X-Origin, Referer, Origin,Accept-Encoding","server":"scaffolding on HTTPServer2","x-xss-protection":"0","x-frame-options":"SAMEORIGIN","x-content-type-options":"nosniff","alt-svc":"h3-29=\":443\"; ma=2592000,h3-T051=\":443\"; ma=2592000,h3-Q050=\":443\"; ma=2592000,h3-Q046=\":443\"; ma=2592000,h3-Q043=\":443\"; ma=2592000,quic=\":443\"; ma=2592000; v=\"46,43\"","accept-ranges":"none","transfer-encoding":"chunked"}
[debug] [2021-04-18T16:22:22.927Z] >>> [apiv2][query] GET https://firebase.googleapis.com/v1beta1/projects/forkify-21e1b [none]
[debug] [2021-04-18T16:22:23.794Z] <<< [apiv2][status] GET https://firebase.googleapis.com/v1beta1/projects/forkify-21e1b 200
[debug] [2021-04-18T16:22:23.794Z] <<< [apiv2][body] GET https://firebase.googleapis.com/v1beta1/projects/forkify-21e1b {"projectId":"forkify-21e1b","projectNumber":"440424438346","displayName":"Forkify","name":"projects/forkify-21e1b","resources":{"hostingSite":"forkify-21e1b"},"state":"ACTIVE"}
[info] 
[info] === Deploying to 'forkify-21e1b'...
[info] 
[info] i  deploying hosting 
[debug] [2021-04-18T16:22:23.799Z] > refreshing access token with scopes: ["email","https://www.googleapis.com/auth/cloud-platform","https://www.googleapis.com/auth/cloudplatformprojects.readonly","https://www.googleapis.com/auth/firebase","openid"]
[debug] [2021-04-18T16:22:23.799Z] >>> HTTP REQUEST POST https://www.googleapis.com/oauth2/v3/token  
 <request body omitted>
[debug] [2021-04-18T16:22:24.108Z] <<< HTTP RESPONSE 200 {"pragma":"no-cache","expires":"Mon, 01 Jan 1990 00:00:00 GMT","cache-control":"no-cache, no-store, max-age=0, must-revalidate","date":"Sun, 18 Apr 2021 16:22:23 GMT","content-type":"application/json; charset=utf-8","vary":"X-Origin, Referer, Origin,Accept-Encoding","server":"scaffolding on HTTPServer2","x-xss-protection":"0","x-frame-options":"SAMEORIGIN","x-content-type-options":"nosniff","alt-svc":"h3-29=\":443\"; ma=2592000,h3-T051=\":443\"; ma=2592000,h3-Q050=\":443\"; ma=2592000,h3-Q046=\":443\"; ma=2592000,h3-Q043=\":443\"; ma=2592000,quic=\":443\"; ma=2592000; v=\"46,43\"","accept-ranges":"none","transfer-encoding":"chunked"}
[debug] [2021-04-18T16:22:24.213Z] >>> HTTP REQUEST POST https://firebasehosting.googleapis.com/v1beta1/sites/forkify-21e1b/versions  
 {"config":{},"labels":{"deployment-tool":"cli-firebase"}}
[debug] [2021-04-18T16:22:26.966Z] <<< HTTP RESPONSE 200 {"content-type":"application/json; charset=UTF-8","vary":"X-Origin, Referer, Origin,Accept-Encoding","date":"Sun, 18 Apr 2021 16:22:26 GMT","server":"ESF","cache-control":"private","x-xss-protection":"0","x-frame-options":"SAMEORIGIN","x-content-type-options":"nosniff","alt-svc":"h3-29=\":443\"; ma=2592000,h3-T051=\":443\"; ma=2592000,h3-Q050=\":443\"; ma=2592000,h3-Q046=\":443\"; ma=2592000,h3-Q043=\":443\"; ma=2592000,quic=\":443\"; ma=2592000; v=\"46,43\"","accept-ranges":"none","transfer-encoding":"chunked"}
[info] i  hosting[forkify-21e1b]: beginning deploy... 
[info] i  hosting[forkify-21e1b]: found 18 files in public 
[debug] [2021-04-18T16:22:26.981Z] [hosting] hash cache [cHVibGlj] not populated
[debug] [2021-04-18T16:22:27.056Z] > refreshing access token with scopes: []
[debug] [2021-04-18T16:22:27.057Z] >>> HTTP REQUEST POST https://www.googleapis.com/oauth2/v3/token  
 <request body omitted>
[debug] [2021-04-18T16:22:27.059Z] [hosting] hash cache [cHVibGlj] stored for 18 files
[debug] [2021-04-18T16:22:27.059Z] [hosting][hash queue][FINAL] {"max":66,"min":30,"avg":43.22222222222222,"active":0,"complete":18,"success":18,"errored":0,"retried":0,"total":18,"elapsed":77}
[debug] [2021-04-18T16:22:27.495Z] <<< HTTP RESPONSE 200 {"cache-control":"no-cache, no-store, max-age=0, must-revalidate","date":"Sun, 18 Apr 2021 16:22:27 GMT","pragma":"no-cache","expires":"Mon, 01 Jan 1990 00:00:00 GMT","content-type":"application/json; charset=utf-8","vary":"X-Origin, Referer, Origin,Accept-Encoding","server":"scaffolding on HTTPServer2","x-xss-protection":"0","x-frame-options":"SAMEORIGIN","x-content-type-options":"nosniff","alt-svc":"h3-29=\":443\"; ma=2592000,h3-T051=\":443\"; ma=2592000,h3-Q050=\":443\"; ma=2592000,h3-Q046=\":443\"; ma=2592000,h3-Q043=\":443\"; ma=2592000,quic=\":443\"; ma=2592000; v=\"46,43\"","accept-ranges":"none","transfer-encoding":"chunked"}
[debug] [2021-04-18T16:22:27.599Z] >>> [apiv2][query] POST https://firebasehosting.googleapis.com/v1beta1/sites/forkify-21e1b/versions/b0d6a9c9b30e27dd:populateFiles [none]
[debug] [2021-04-18T16:22:27.599Z] >>> [apiv2][body] POST https://firebasehosting.googleapis.com/v1beta1/sites/forkify-21e1b/versions/b0d6a9c9b30e27dd:populateFiles {"files":{"/404.html":"b7bab6b83fa074653ff28c8d2a64135d3434575f70a12ab3d3ba8080461b9537","/index.html":"027062f21f033183f849c6b7e608b544444bf301551ce574a35a9991b7ed136a","/css/style.css":"56839f887da23ce2e49aaf56afc57f98738b7b64febbbff0858cace4442fa700","/img/debug.log":"4772e57d3d313dec8112af0471d56b4c6d337cbf989a59e682bce6c27d603f18","/img/favicon.png":"4c06a85fe5011be1496c88cae1cb4a1dab59bf0d9e6a9c33bd3f37d262106b34","/img/icons.svg":"f9892530b60e23a4ca4a7c9653470a0105b8d678a38bc3c79c507990dff14bbd","/img/test-3.jpg":"4d4f8b288e082d4bd809cc0c95f22225b9187609928d793ef3927537b3421bc7","/img/test-9.jpg":"2db19a3306197b82fc8f8e2b5b6a6b31619deb2ed75970ab1df4d208da532c9d","/img/test-8.jpg":"689ae5083280b35bcba6282ad21de29f3db50bf1be7ed6d48c2438e9415e8fa6","/img/test-7.jpg":"f3c3d8adb5679b29e1fb9087306f1f780d1e14d48adcade228c6241548233c54","/img/test-6.jpg":"f3c3d8adb5679b29e1fb9087306f1f780d1e14d48adcade228c6241548233c54","/img/logo.png":"1d7e548ed532ab58dd3cb21458af19ad1b32e48ad3b6d4b34ab20bb093519dc1","/img/test-10.jpg":"2281f75363a486f393ce14701fd5287bbd02121371416f81547744065bef11a2","/img/test-2.jpg":"9812b443c7127c48b4ba4b6e66ba53c972e07fbc813c3251b14420b60e1753c6","/js/bundle.js":"561de6e8b5792e0d3f8a4814eeb156f730b4e9dd1c635b0135e646abc3e0297e","/img/test-5.jpg":"0a8dbb6320799e452bfe7fe842b87cc48f3a71e76ce8e483beac312c379ac5e5","/img/test-1.jpg":"3afffd7ba9b89a66eba4a87a60acdacf93997e4cb4bb07ce59cd1eca3a69f697","/img/test-4.jpg":"8f8e757ae54cd63e8f08c42c63a2e479622bd1f8c90735334a85bd67c273d9ef"}}
[debug] [2021-04-18T16:22:29.545Z] <<< [apiv2][status] POST https://firebasehosting.googleapis.com/v1beta1/sites/forkify-21e1b/versions/b0d6a9c9b30e27dd:populateFiles 200
[debug] [2021-04-18T16:22:29.545Z] <<< [apiv2][body] POST https://firebasehosting.googleapis.com/v1beta1/sites/forkify-21e1b/versions/b0d6a9c9b30e27dd:populateFiles {"uploadRequiredHashes":["3afffd7ba9b89a66eba4a87a60acdacf93997e4cb4bb07ce59cd1eca3a69f697","561de6e8b5792e0d3f8a4814eeb156f730b4e9dd1c635b0135e646abc3e0297e","027062f21f033183f849c6b7e608b544444bf301551ce574a35a9991b7ed136a","f3c3d8adb5679b29e1fb9087306f1f780d1e14d48adcade228c6241548233c54","4772e57d3d313dec8112af0471d56b4c6d337cbf989a59e682bce6c27d603f18","1d7e548ed532ab58dd3cb21458af19ad1b32e48ad3b6d4b34ab20bb093519dc1","b7bab6b83fa074653ff28c8d2a64135d3434575f70a12ab3d3ba8080461b9537","4d4f8b288e082d4bd809cc0c95f22225b9187609928d793ef3927537b3421bc7","f9892530b60e23a4ca4a7c9653470a0105b8d678a38bc3c79c507990dff14bbd","4c06a85fe5011be1496c88cae1cb4a1dab59bf0d9e6a9c33bd3f37d262106b34","8f8e757ae54cd63e8f08c42c63a2e479622bd1f8c90735334a85bd67c273d9ef","689ae5083280b35bcba6282ad21de29f3db50bf1be7ed6d48c2438e9415e8fa6","2db19a3306197b82fc8f8e2b5b6a6b31619deb2ed75970ab1df4d208da532c9d","9812b443c7127c48b4ba4b6e66ba53c972e07fbc813c3251b14420b60e1753c6","2281f75363a486f393ce14701fd5287bbd02121371416f81547744065bef11a2","56839f887da23ce2e49aaf56afc57f98738b7b64febbbff0858cace4442fa700","0a8dbb6320799e452bfe7fe842b87cc48f3a71e76ce8e483beac312c379ac5e5"],"uploadUrl":"https://upload-firebasehosting.googleapis.com/upload/sites/forkify-21e1b/versions/b0d6a9c9b30e27dd/files"}
[debug] [2021-04-18T16:22:29.557Z] >>> [apiv2][query] POST https://upload-firebasehosting.googleapis.com/upload/sites/forkify-21e1b/versions/b0d6a9c9b30e27dd/files/3afffd7ba9b89a66eba4a87a60acdacf93997e4cb4bb07ce59cd1eca3a69f697 [none]
[debug] [2021-04-18T16:22:29.558Z] >>> [apiv2][body] POST https://upload-firebasehosting.googleapis.com/upload/sites/forkify-21e1b/versions/b0d6a9c9b30e27dd/files/3afffd7ba9b89a66eba4a87a60acdacf93997e4cb4bb07ce59cd1eca3a69f697 [stream]
[debug] [2021-04-18T16:22:29.561Z] >>> [apiv2][query] POST https://upload-firebasehosting.googleapis.com/upload/sites/forkify-21e1b/versions/b0d6a9c9b30e27dd/files/561de6e8b5792e0d3f8a4814eeb156f730b4e9dd1c635b0135e646abc3e0297e [none]
[debug] [2021-04-18T16:22:29.561Z] >>> [apiv2][body] POST https://upload-firebasehosting.googleapis.com/upload/sites/forkify-21e1b/versions/b0d6a9c9b30e27dd/files/561de6e8b5792e0d3f8a4814eeb156f730b4e9dd1c635b0135e646abc3e0297e [stream]
[debug] [2021-04-18T16:22:29.563Z] >>> [apiv2][query] POST https://upload-firebasehosting.googleapis.com/upload/sites/forkify-21e1b/versions/b0d6a9c9b30e27dd/files/027062f21f033183f849c6b7e608b544444bf301551ce574a35a9991b7ed136a [none]
[debug] [2021-04-18T16:22:29.564Z] >>> [apiv2][body] POST https://upload-firebasehosting.googleapis.com/upload/sites/forkify-21e1b/versions/b0d6a9c9b30e27dd/files/027062f21f033183f849c6b7e608b544444bf301551ce574a35a9991b7ed136a [stream]
[debug] [2021-04-18T16:22:29.566Z] >>> [apiv2][query] POST https://upload-firebasehosting.googleapis.com/upload/sites/forkify-21e1b/versions/b0d6a9c9b30e27dd/files/f3c3d8adb5679b29e1fb9087306f1f780d1e14d48adcade228c6241548233c54 [none]
[debug] [2021-04-18T16:22:29.566Z] >>> [apiv2][body] POST https://upload-firebasehosting.googleapis.com/upload/sites/forkify-21e1b/versions/b0d6a9c9b30e27dd/files/f3c3d8adb5679b29e1fb9087306f1f780d1e14d48adcade228c6241548233c54 [stream]
[debug] [2021-04-18T16:22:29.574Z] >>> [apiv2][query] POST https://upload-firebasehosting.googleapis.com/upload/sites/forkify-21e1b/versions/b0d6a9c9b30e27dd/files/4772e57d3d313dec8112af0471d56b4c6d337cbf989a59e682bce6c27d603f18 [none]
[debug] [2021-04-18T16:22:29.574Z] >>> [apiv2][body] POST https://upload-firebasehosting.googleapis.com/upload/sites/forkify-21e1b/versions/b0d6a9c9b30e27dd/files/4772e57d3d313dec8112af0471d56b4c6d337cbf989a59e682bce6c27d603f18 [stream]
[debug] [2021-04-18T16:22:29.576Z] >>> [apiv2][query] POST https://upload-firebasehosting.googleapis.com/upload/sites/forkify-21e1b/versions/b0d6a9c9b30e27dd/files/1d7e548ed532ab58dd3cb21458af19ad1b32e48ad3b6d4b34ab20bb093519dc1 [none]
[debug] [2021-04-18T16:22:29.576Z] >>> [apiv2][body] POST https://upload-firebasehosting.googleapis.com/upload/sites/forkify-21e1b/versions/b0d6a9c9b30e27dd/files/1d7e548ed532ab58dd3cb21458af19ad1b32e48ad3b6d4b34ab20bb093519dc1 [stream]
[debug] [2021-04-18T16:22:29.578Z] >>> [apiv2][query] POST https://upload-firebasehosting.googleapis.com/upload/sites/forkify-21e1b/versions/b0d6a9c9b30e27dd/files/b7bab6b83fa074653ff28c8d2a64135d3434575f70a12ab3d3ba8080461b9537 [none]
[debug] [2021-04-18T16:22:29.578Z] >>> [apiv2][body] POST https://upload-firebasehosting.googleapis.com/upload/sites/forkify-21e1b/versions/b0d6a9c9b30e27dd/files/b7bab6b83fa074653ff28c8d2a64135d3434575f70a12ab3d3ba8080461b9537 [stream]
[debug] [2021-04-18T16:22:29.580Z] >>> [apiv2][query] POST https://upload-firebasehosting.googleapis.com/upload/sites/forkify-21e1b/versions/b0d6a9c9b30e27dd/files/4d4f8b288e082d4bd809cc0c95f22225b9187609928d793ef3927537b3421bc7 [none]
[debug] [2021-04-18T16:22:29.580Z] >>> [apiv2][body] POST https://upload-firebasehosting.googleapis.com/upload/sites/forkify-21e1b/versions/b0d6a9c9b30e27dd/files/4d4f8b288e082d4bd809cc0c95f22225b9187609928d793ef3927537b3421bc7 [stream]
[debug] [2021-04-18T16:22:29.581Z] >>> [apiv2][query] POST https://upload-firebasehosting.googleapis.com/upload/sites/forkify-21e1b/versions/b0d6a9c9b30e27dd/files/f9892530b60e23a4ca4a7c9653470a0105b8d678a38bc3c79c507990dff14bbd [none]
[debug] [2021-04-18T16:22:29.581Z] >>> [apiv2][body] POST https://upload-firebasehosting.googleapis.com/upload/sites/forkify-21e1b/versions/b0d6a9c9b30e27dd/files/f9892530b60e23a4ca4a7c9653470a0105b8d678a38bc3c79c507990dff14bbd [stream]
[debug] [2021-04-18T16:22:29.585Z] >>> [apiv2][query] POST https://upload-firebasehosting.googleapis.com/upload/sites/forkify-21e1b/versions/b0d6a9c9b30e27dd/files/4c06a85fe5011be1496c88cae1cb4a1dab59bf0d9e6a9c33bd3f37d262106b34 [none]
[debug] [2021-04-18T16:22:29.585Z] >>> [apiv2][body] POST https://upload-firebasehosting.googleapis.com/upload/sites/forkify-21e1b/versions/b0d6a9c9b30e27dd/files/4c06a85fe5011be1496c88cae1cb4a1dab59bf0d9e6a9c33bd3f37d262106b34 [stream]
[debug] [2021-04-18T16:22:29.587Z] >>> [apiv2][query] POST https://upload-firebasehosting.googleapis.com/upload/sites/forkify-21e1b/versions/b0d6a9c9b30e27dd/files/8f8e757ae54cd63e8f08c42c63a2e479622bd1f8c90735334a85bd67c273d9ef [none]
[debug] [2021-04-18T16:22:29.587Z] >>> [apiv2][body] POST https://upload-firebasehosting.googleapis.com/upload/sites/forkify-21e1b/versions/b0d6a9c9b30e27dd/files/8f8e757ae54cd63e8f08c42c63a2e479622bd1f8c90735334a85bd67c273d9ef [stream]
[debug] [2021-04-18T16:22:29.588Z] >>> [apiv2][query] POST https://upload-firebasehosting.googleapis.com/upload/sites/forkify-21e1b/versions/b0d6a9c9b30e27dd/files/689ae5083280b35bcba6282ad21de29f3db50bf1be7ed6d48c2438e9415e8fa6 [none]
[debug] [2021-04-18T16:22:29.588Z] >>> [apiv2][body] POST https://upload-firebasehosting.googleapis.com/upload/sites/forkify-21e1b/versions/b0d6a9c9b30e27dd/files/689ae5083280b35bcba6282ad21de29f3db50bf1be7ed6d48c2438e9415e8fa6 [stream]
[debug] [2021-04-18T16:22:29.590Z] >>> [apiv2][query] POST https://upload-firebasehosting.googleapis.com/upload/sites/forkify-21e1b/versions/b0d6a9c9b30e27dd/files/2db19a3306197b82fc8f8e2b5b6a6b31619deb2ed75970ab1df4d208da532c9d [none]
[debug] [2021-04-18T16:22:29.590Z] >>> [apiv2][body] POST https://upload-firebasehosting.googleapis.com/upload/sites/forkify-21e1b/versions/b0d6a9c9b30e27dd/files/2db19a3306197b82fc8f8e2b5b6a6b31619deb2ed75970ab1df4d208da532c9d [stream]
[debug] [2021-04-18T16:22:29.591Z] >>> [apiv2][query] POST https://upload-firebasehosting.googleapis.com/upload/sites/forkify-21e1b/versions/b0d6a9c9b30e27dd/files/9812b443c7127c48b4ba4b6e66ba53c972e07fbc813c3251b14420b60e1753c6 [none]
[debug] [2021-04-18T16:22:29.591Z] >>> [apiv2][body] POST https://upload-firebasehosting.googleapis.com/upload/sites/forkify-21e1b/versions/b0d6a9c9b30e27dd/files/9812b443c7127c48b4ba4b6e66ba53c972e07fbc813c3251b14420b60e1753c6 [stream]
[debug] [2021-04-18T16:22:29.592Z] >>> [apiv2][query] POST https://upload-firebasehosting.googleapis.com/upload/sites/forkify-21e1b/versions/b0d6a9c9b30e27dd/files/2281f75363a486f393ce14701fd5287bbd02121371416f81547744065bef11a2 [none]
[debug] [2021-04-18T16:22:29.593Z] >>> [apiv2][body] POST https://upload-firebasehosting.googleapis.com/upload/sites/forkify-21e1b/versions/b0d6a9c9b30e27dd/files/2281f75363a486f393ce14701fd5287bbd02121371416f81547744065bef11a2 [stream]
[debug] [2021-04-18T16:22:29.594Z] >>> [apiv2][query] POST https://upload-firebasehosting.googleapis.com/upload/sites/forkify-21e1b/versions/b0d6a9c9b30e27dd/files/56839f887da23ce2e49aaf56afc57f98738b7b64febbbff0858cace4442fa700 [none]
[debug] [2021-04-18T16:22:29.594Z] >>> [apiv2][body] POST https://upload-firebasehosting.googleapis.com/upload/sites/forkify-21e1b/versions/b0d6a9c9b30e27dd/files/56839f887da23ce2e49aaf56afc57f98738b7b64febbbff0858cace4442fa700 [stream]
[debug] [2021-04-18T16:22:29.595Z] >>> [apiv2][query] POST https://upload-firebasehosting.googleapis.com/upload/sites/forkify-21e1b/versions/b0d6a9c9b30e27dd/files/0a8dbb6320799e452bfe7fe842b87cc48f3a71e76ce8e483beac312c379ac5e5 [none]
[debug] [2021-04-18T16:22:29.595Z] >>> [apiv2][body] POST https://upload-firebasehosting.googleapis.com/upload/sites/forkify-21e1b/versions/b0d6a9c9b30e27dd/files/0a8dbb6320799e452bfe7fe842b87cc48f3a71e76ce8e483beac312c379ac5e5 [stream]
[debug] [2021-04-18T16:22:29.596Z] [hosting][populate queue][FINAL] {"max":2501,"min":2501,"avg":2501,"active":0,"complete":1,"success":1,"errored":0,"retried":0,"total":1,"elapsed":2540}
[debug] [2021-04-18T16:22:29.596Z] [hosting] uploads queued: 17
[debug] [2021-04-18T16:22:37.559Z] <<< [apiv2][status] POST https://upload-firebasehosting.googleapis.com/upload/sites/forkify-21e1b/versions/b0d6a9c9b30e27dd/files/b7bab6b83fa074653ff28c8d2a64135d3434575f70a12ab3d3ba8080461b9537 200
[debug] [2021-04-18T16:22:37.560Z] <<< [apiv2][body] POST https://upload-firebasehosting.googleapis.com/upload/sites/forkify-21e1b/versions/b0d6a9c9b30e27dd/files/b7bab6b83fa074653ff28c8d2a64135d3434575f70a12ab3d3ba8080461b9537 [stream]
[debug] [2021-04-18T16:22:39.533Z] <<< [apiv2][status] POST https://upload-firebasehosting.googleapis.com/upload/sites/forkify-21e1b/versions/b0d6a9c9b30e27dd/files/56839f887da23ce2e49aaf56afc57f98738b7b64febbbff0858cace4442fa700 200
[debug] [2021-04-18T16:22:39.533Z] <<< [apiv2][body] POST https://upload-firebasehosting.googleapis.com/upload/sites/forkify-21e1b/versions/b0d6a9c9b30e27dd/files/56839f887da23ce2e49aaf56afc57f98738b7b64febbbff0858cace4442fa700 [stream]
[debug] [2021-04-18T16:22:40.271Z] <<< [apiv2][status] POST https://upload-firebasehosting.googleapis.com/upload/sites/forkify-21e1b/versions/b0d6a9c9b30e27dd/files/f3c3d8adb5679b29e1fb9087306f1f780d1e14d48adcade228c6241548233c54 200
[debug] [2021-04-18T16:22:40.271Z] <<< [apiv2][body] POST https://upload-firebasehosting.googleapis.com/upload/sites/forkify-21e1b/versions/b0d6a9c9b30e27dd/files/f3c3d8adb5679b29e1fb9087306f1f780d1e14d48adcade228c6241548233c54 [stream]
[debug] [2021-04-18T16:22:45.663Z] <<< [apiv2][status] POST https://upload-firebasehosting.googleapis.com/upload/sites/forkify-21e1b/versions/b0d6a9c9b30e27dd/files/027062f21f033183f849c6b7e608b544444bf301551ce574a35a9991b7ed136a 200
[debug] [2021-04-18T16:22:45.663Z] <<< [apiv2][body] POST https://upload-firebasehosting.googleapis.com/upload/sites/forkify-21e1b/versions/b0d6a9c9b30e27dd/files/027062f21f033183f849c6b7e608b544444bf301551ce574a35a9991b7ed136a [stream]
[debug] [2021-04-18T16:22:52.342Z] <<< [apiv2][status] POST https://upload-firebasehosting.googleapis.com/upload/sites/forkify-21e1b/versions/b0d6a9c9b30e27dd/files/4c06a85fe5011be1496c88cae1cb4a1dab59bf0d9e6a9c33bd3f37d262106b34 200
[debug] [2021-04-18T16:22:52.343Z] <<< [apiv2][body] POST https://upload-firebasehosting.googleapis.com/upload/sites/forkify-21e1b/versions/b0d6a9c9b30e27dd/files/4c06a85fe5011be1496c88cae1cb4a1dab59bf0d9e6a9c33bd3f37d262106b34 [stream]
[debug] [2021-04-18T16:22:52.574Z] <<< [apiv2][status] POST https://upload-firebasehosting.googleapis.com/upload/sites/forkify-21e1b/versions/b0d6a9c9b30e27dd/files/4d4f8b288e082d4bd809cc0c95f22225b9187609928d793ef3927537b3421bc7 200
[debug] [2021-04-18T16:22:52.575Z] <<< [apiv2][body] POST https://upload-firebasehosting.googleapis.com/upload/sites/forkify-21e1b/versions/b0d6a9c9b30e27dd/files/4d4f8b288e082d4bd809cc0c95f22225b9187609928d793ef3927537b3421bc7 [stream]
[debug] [2021-04-18T16:22:54.222Z] [uploadQueue] Retrying task 4772e57d3d313dec8112af0471d56b4c6d337cbf989a59e682bce6c27d603f18
[debug] [2021-04-18T16:22:54.224Z] >>> [apiv2][query] POST https://upload-firebasehosting.googleapis.com/upload/sites/forkify-21e1b/versions/b0d6a9c9b30e27dd/files/4772e57d3d313dec8112af0471d56b4c6d337cbf989a59e682bce6c27d603f18 [none]
[debug] [2021-04-18T16:22:54.224Z] >>> [apiv2][body] POST https://upload-firebasehosting.googleapis.com/upload/sites/forkify-21e1b/versions/b0d6a9c9b30e27dd/files/4772e57d3d313dec8112af0471d56b4c6d337cbf989a59e682bce6c27d603f18 [stream]
[debug] [2021-04-18T16:22:59.950Z] [uploadQueue] Retrying task 3afffd7ba9b89a66eba4a87a60acdacf93997e4cb4bb07ce59cd1eca3a69f697
[debug] [2021-04-18T16:22:59.952Z] >>> [apiv2][query] POST https://upload-firebasehosting.googleapis.com/upload/sites/forkify-21e1b/versions/b0d6a9c9b30e27dd/files/3afffd7ba9b89a66eba4a87a60acdacf93997e4cb4bb07ce59cd1eca3a69f697 [none]
[debug] [2021-04-18T16:22:59.952Z] >>> [apiv2][body] POST https://upload-firebasehosting.googleapis.com/upload/sites/forkify-21e1b/versions/b0d6a9c9b30e27dd/files/3afffd7ba9b89a66eba4a87a60acdacf93997e4cb4bb07ce59cd1eca3a69f697 [stream]
[debug] [2021-04-18T16:22:59.956Z] [uploadQueue] Retrying task 561de6e8b5792e0d3f8a4814eeb156f730b4e9dd1c635b0135e646abc3e0297e
[debug] [2021-04-18T16:22:59.960Z] >>> [apiv2][query] POST https://upload-firebasehosting.googleapis.com/upload/sites/forkify-21e1b/versions/b0d6a9c9b30e27dd/files/561de6e8b5792e0d3f8a4814eeb156f730b4e9dd1c635b0135e646abc3e0297e [none]
[debug] [2021-04-18T16:22:59.960Z] >>> [apiv2][body] POST https://upload-firebasehosting.googleapis.com/upload/sites/forkify-21e1b/versions/b0d6a9c9b30e27dd/files/561de6e8b5792e0d3f8a4814eeb156f730b4e9dd1c635b0135e646abc3e0297e [stream]
[debug] [2021-04-18T16:22:59.963Z] [uploadQueue] Retrying task 1d7e548ed532ab58dd3cb21458af19ad1b32e48ad3b6d4b34ab20bb093519dc1
[debug] [2021-04-18T16:22:59.964Z] >>> [apiv2][query] POST https://upload-firebasehosting.googleapis.com/upload/sites/forkify-21e1b/versions/b0d6a9c9b30e27dd/files/1d7e548ed532ab58dd3cb21458af19ad1b32e48ad3b6d4b34ab20bb093519dc1 [none]
[debug] [2021-04-18T16:22:59.965Z] >>> [apiv2][body] POST https://upload-firebasehosting.googleapis.com/upload/sites/forkify-21e1b/versions/b0d6a9c9b30e27dd/files/1d7e548ed532ab58dd3cb21458af19ad1b32e48ad3b6d4b34ab20bb093519dc1 [stream]
[debug] [2021-04-18T16:22:59.972Z] [uploadQueue] Retrying task f9892530b60e23a4ca4a7c9653470a0105b8d678a38bc3c79c507990dff14bbd
[debug] [2021-04-18T16:22:59.973Z] >>> [apiv2][query] POST https://upload-firebasehosting.googleapis.com/upload/sites/forkify-21e1b/versions/b0d6a9c9b30e27dd/files/f9892530b60e23a4ca4a7c9653470a0105b8d678a38bc3c79c507990dff14bbd [none]
[debug] [2021-04-18T16:22:59.973Z] >>> [apiv2][body] POST https://upload-firebasehosting.googleapis.com/upload/sites/forkify-21e1b/versions/b0d6a9c9b30e27dd/files/f9892530b60e23a4ca4a7c9653470a0105b8d678a38bc3c79c507990dff14bbd [stream]
[debug] [2021-04-18T16:22:59.975Z] [uploadQueue] Retrying task 8f8e757ae54cd63e8f08c42c63a2e479622bd1f8c90735334a85bd67c273d9ef
[debug] [2021-04-18T16:22:59.975Z] >>> [apiv2][query] POST https://upload-firebasehosting.googleapis.com/upload/sites/forkify-21e1b/versions/b0d6a9c9b30e27dd/files/8f8e757ae54cd63e8f08c42c63a2e479622bd1f8c90735334a85bd67c273d9ef [none]
[debug] [2021-04-18T16:22:59.976Z] >>> [apiv2][body] POST https://upload-firebasehosting.googleapis.com/upload/sites/forkify-21e1b/versions/b0d6a9c9b30e27dd/files/8f8e757ae54cd63e8f08c42c63a2e479622bd1f8c90735334a85bd67c273d9ef [stream]
[debug] [2021-04-18T16:22:59.978Z] [uploadQueue] Retrying task 689ae5083280b35bcba6282ad21de29f3db50bf1be7ed6d48c2438e9415e8fa6
[debug] [2021-04-18T16:22:59.978Z] >>> [apiv2][query] POST https://upload-firebasehosting.googleapis.com/upload/sites/forkify-21e1b/versions/b0d6a9c9b30e27dd/files/689ae5083280b35bcba6282ad21de29f3db50bf1be7ed6d48c2438e9415e8fa6 [none]
[debug] [2021-04-18T16:22:59.979Z] >>> [apiv2][body] POST https://upload-firebasehosting.googleapis.com/upload/sites/forkify-21e1b/versions/b0d6a9c9b30e27dd/files/689ae5083280b35bcba6282ad21de29f3db50bf1be7ed6d48c2438e9415e8fa6 [stream]
[debug] [2021-04-18T16:22:59.980Z] [uploadQueue] Retrying task 2db19a3306197b82fc8f8e2b5b6a6b31619deb2ed75970ab1df4d208da532c9d
[debug] [2021-04-18T16:22:59.981Z] >>> [apiv2][query] POST https://upload-firebasehosting.googleapis.com/upload/sites/forkify-21e1b/versions/b0d6a9c9b30e27dd/files/2db19a3306197b82fc8f8e2b5b6a6b31619deb2ed75970ab1df4d208da532c9d [none]
[debug] [2021-04-18T16:22:59.981Z] >>> [apiv2][body] POST https://upload-firebasehosting.googleapis.com/upload/sites/forkify-21e1b/versions/b0d6a9c9b30e27dd/files/2db19a3306197b82fc8f8e2b5b6a6b31619deb2ed75970ab1df4d208da532c9d [stream]
[debug] [2021-04-18T16:22:59.983Z] [uploadQueue] Retrying task 9812b443c7127c48b4ba4b6e66ba53c972e07fbc813c3251b14420b60e1753c6
[debug] [2021-04-18T16:22:59.983Z] >>> [apiv2][query] POST https://upload-firebasehosting.googleapis.com/upload/sites/forkify-21e1b/versions/b0d6a9c9b30e27dd/files/9812b443c7127c48b4ba4b6e66ba53c972e07fbc813c3251b14420b60e1753c6 [none]
[debug] [2021-04-18T16:22:59.983Z] >>> [apiv2][body] POST https://upload-firebasehosting.googleapis.com/upload/sites/forkify-21e1b/versions/b0d6a9c9b30e27dd/files/9812b443c7127c48b4ba4b6e66ba53c972e07fbc813c3251b14420b60e1753c6 [stream]
[debug] [2021-04-18T16:22:59.985Z] [uploadQueue] Retrying task 2281f75363a486f393ce14701fd5287bbd02121371416f81547744065bef11a2
[debug] [2021-04-18T16:22:59.985Z] >>> [apiv2][query] POST https://upload-firebasehosting.googleapis.com/upload/sites/forkify-21e1b/versions/b0d6a9c9b30e27dd/files/2281f75363a486f393ce14701fd5287bbd02121371416f81547744065bef11a2 [none]
[debug] [2021-04-18T16:22:59.985Z] >>> [apiv2][body] POST https://upload-firebasehosting.googleapis.com/upload/sites/forkify-21e1b/versions/b0d6a9c9b30e27dd/files/2281f75363a486f393ce14701fd5287bbd02121371416f81547744065bef11a2 [stream]
[debug] [2021-04-18T16:22:59.986Z] [uploadQueue] Retrying task 0a8dbb6320799e452bfe7fe842b87cc48f3a71e76ce8e483beac312c379ac5e5
[debug] [2021-04-18T16:22:59.987Z] >>> [apiv2][query] POST https://upload-firebasehosting.googleapis.com/upload/sites/forkify-21e1b/versions/b0d6a9c9b30e27dd/files/0a8dbb6320799e452bfe7fe842b87cc48f3a71e76ce8e483beac312c379ac5e5 [none]
[debug] [2021-04-18T16:22:59.987Z] >>> [apiv2][body] POST https://upload-firebasehosting.googleapis.com/upload/sites/forkify-21e1b/versions/b0d6a9c9b30e27dd/files/0a8dbb6320799e452bfe7fe842b87cc48f3a71e76ce8e483beac312c379ac5e5 [stream]
[debug] [2021-04-18T16:23:05.037Z] [uploadQueue] Retrying task 4772e57d3d313dec8112af0471d56b4c6d337cbf989a59e682bce6c27d603f18
[debug] [2021-04-18T16:23:05.038Z] >>> [apiv2][query] POST https://upload-firebasehosting.googleapis.com/upload/sites/forkify-21e1b/versions/b0d6a9c9b30e27dd/files/4772e57d3d313dec8112af0471d56b4c6d337cbf989a59e682bce6c27d603f18 [none]
[debug] [2021-04-18T16:23:05.039Z] >>> [apiv2][body] POST https://upload-firebasehosting.googleapis.com/upload/sites/forkify-21e1b/versions/b0d6a9c9b30e27dd/files/4772e57d3d313dec8112af0471d56b4c6d337cbf989a59e682bce6c27d603f18 [stream]
[debug] [2021-04-18T16:23:10.766Z] [uploadQueue] Retrying task 3afffd7ba9b89a66eba4a87a60acdacf93997e4cb4bb07ce59cd1eca3a69f697
[debug] [2021-04-18T16:23:10.768Z] >>> [apiv2][query] POST https://upload-firebasehosting.googleapis.com/upload/sites/forkify-21e1b/versions/b0d6a9c9b30e27dd/files/3afffd7ba9b89a66eba4a87a60acdacf93997e4cb4bb07ce59cd1eca3a69f697 [none]
[debug] [2021-04-18T16:23:10.768Z] >>> [apiv2][body] POST https://upload-firebasehosting.googleapis.com/upload/sites/forkify-21e1b/versions/b0d6a9c9b30e27dd/files/3afffd7ba9b89a66eba4a87a60acdacf93997e4cb4bb07ce59cd1eca3a69f697 [stream]
[debug] [2021-04-18T16:23:15.045Z] [uploadQueue] Retrying task 561de6e8b5792e0d3f8a4814eeb156f730b4e9dd1c635b0135e646abc3e0297e
[debug] [2021-04-18T16:23:15.046Z] >>> [apiv2][query] POST https://upload-firebasehosting.googleapis.com/upload/sites/forkify-21e1b/versions/b0d6a9c9b30e27dd/files/561de6e8b5792e0d3f8a4814eeb156f730b4e9dd1c635b0135e646abc3e0297e [none]
[debug] [2021-04-18T16:23:15.047Z] >>> [apiv2][body] POST https://upload-firebasehosting.googleapis.com/upload/sites/forkify-21e1b/versions/b0d6a9c9b30e27dd/files/561de6e8b5792e0d3f8a4814eeb156f730b4e9dd1c635b0135e646abc3e0297e [stream]
[debug] [2021-04-18T16:23:20.776Z] [uploadQueue] Retrying task 1d7e548ed532ab58dd3cb21458af19ad1b32e48ad3b6d4b34ab20bb093519dc1
[debug] [2021-04-18T16:23:20.777Z] >>> [apiv2][query] POST https://upload-firebasehosting.googleapis.com/upload/sites/forkify-21e1b/versions/b0d6a9c9b30e27dd/files/1d7e548ed532ab58dd3cb21458af19ad1b32e48ad3b6d4b34ab20bb093519dc1 [none]
[debug] [2021-04-18T16:23:20.778Z] >>> [apiv2][body] POST https://upload-firebasehosting.googleapis.com/upload/sites/forkify-21e1b/versions/b0d6a9c9b30e27dd/files/1d7e548ed532ab58dd3cb21458af19ad1b32e48ad3b6d4b34ab20bb093519dc1 [stream]
[debug] [2021-04-18T16:23:25.054Z] [uploadQueue] Retrying task f9892530b60e23a4ca4a7c9653470a0105b8d678a38bc3c79c507990dff14bbd
[debug] [2021-04-18T16:23:25.055Z] >>> [apiv2][query] POST https://upload-firebasehosting.googleapis.com/upload/sites/forkify-21e1b/versions/b0d6a9c9b30e27dd/files/f9892530b60e23a4ca4a7c9653470a0105b8d678a38bc3c79c507990dff14bbd [none]
[debug] [2021-04-18T16:23:25.056Z] >>> [apiv2][body] POST https://upload-firebasehosting.googleapis.com/upload/sites/forkify-21e1b/versions/b0d6a9c9b30e27dd/files/f9892530b60e23a4ca4a7c9653470a0105b8d678a38bc3c79c507990dff14bbd [stream]
[debug] [2021-04-18T16:23:30.775Z] [uploadQueue] Retrying task 8f8e757ae54cd63e8f08c42c63a2e479622bd1f8c90735334a85bd67c273d9ef
[debug] [2021-04-18T16:23:30.776Z] >>> [apiv2][query] POST https://upload-firebasehosting.googleapis.com/upload/sites/forkify-21e1b/versions/b0d6a9c9b30e27dd/files/8f8e757ae54cd63e8f08c42c63a2e479622bd1f8c90735334a85bd67c273d9ef [none]
[debug] [2021-04-18T16:23:30.777Z] >>> [apiv2][body] POST https://upload-firebasehosting.googleapis.com/upload/sites/forkify-21e1b/versions/b0d6a9c9b30e27dd/files/8f8e757ae54cd63e8f08c42c63a2e479622bd1f8c90735334a85bd67c273d9ef [stream]
[debug] [2021-04-18T16:23:30.779Z] [uploadQueue] Retrying task 689ae5083280b35bcba6282ad21de29f3db50bf1be7ed6d48c2438e9415e8fa6
[debug] [2021-04-18T16:23:30.780Z] >>> [apiv2][query] POST https://upload-firebasehosting.googleapis.com/upload/sites/forkify-21e1b/versions/b0d6a9c9b30e27dd/files/689ae5083280b35bcba6282ad21de29f3db50bf1be7ed6d48c2438e9415e8fa6 [none]
[debug] [2021-04-18T16:23:30.781Z] >>> [apiv2][body] POST https://upload-firebasehosting.googleapis.com/upload/sites/forkify-21e1b/versions/b0d6a9c9b30e27dd/files/689ae5083280b35bcba6282ad21de29f3db50bf1be7ed6d48c2438e9415e8fa6 [stream]
[debug] [2021-04-18T16:23:30.783Z] [uploadQueue] Retrying task 2db19a3306197b82fc8f8e2b5b6a6b31619deb2ed75970ab1df4d208da532c9d
[debug] [2021-04-18T16:23:30.784Z] >>> [apiv2][query] POST https://upload-firebasehosting.googleapis.com/upload/sites/forkify-21e1b/versions/b0d6a9c9b30e27dd/files/2db19a3306197b82fc8f8e2b5b6a6b31619deb2ed75970ab1df4d208da532c9d [none]
[debug] [2021-04-18T16:23:30.784Z] >>> [apiv2][body] POST https://upload-firebasehosting.googleapis.com/upload/sites/forkify-21e1b/versions/b0d6a9c9b30e27dd/files/2db19a3306197b82fc8f8e2b5b6a6b31619deb2ed75970ab1df4d208da532c9d [stream]
[debug] [2021-04-18T16:23:30.786Z] [uploadQueue] Retrying task 9812b443c7127c48b4ba4b6e66ba53c972e07fbc813c3251b14420b60e1753c6
[debug] [2021-04-18T16:23:30.787Z] >>> [apiv2][query] POST https://upload-firebasehosting.googleapis.com/upload/sites/forkify-21e1b/versions/b0d6a9c9b30e27dd/files/9812b443c7127c48b4ba4b6e66ba53c972e07fbc813c3251b14420b60e1753c6 [none]
[debug] [2021-04-18T16:23:30.787Z] >>> [apiv2][body] POST https://upload-firebasehosting.googleapis.com/upload/sites/forkify-21e1b/versions/b0d6a9c9b30e27dd/files/9812b443c7127c48b4ba4b6e66ba53c972e07fbc813c3251b14420b60e1753c6 [stream]
[debug] [2021-04-18T16:23:30.789Z] [uploadQueue] Retrying task 2281f75363a486f393ce14701fd5287bbd02121371416f81547744065bef11a2
[debug] [2021-04-18T16:23:30.790Z] >>> [apiv2][query] POST https://upload-firebasehosting.googleapis.com/upload/sites/forkify-21e1b/versions/b0d6a9c9b30e27dd/files/2281f75363a486f393ce14701fd5287bbd02121371416f81547744065bef11a2 [none]
[debug] [2021-04-18T16:23:30.790Z] >>> [apiv2][body] POST https://upload-firebasehosting.googleapis.com/upload/sites/forkify-21e1b/versions/b0d6a9c9b30e27dd/files/2281f75363a486f393ce14701fd5287bbd02121371416f81547744065bef11a2 [stream]
[debug] [2021-04-18T16:23:30.792Z] [uploadQueue] Retrying task 0a8dbb6320799e452bfe7fe842b87cc48f3a71e76ce8e483beac312c379ac5e5
[debug] [2021-04-18T16:23:30.793Z] >>> [apiv2][query] POST https://upload-firebasehosting.googleapis.com/upload/sites/forkify-21e1b/versions/b0d6a9c9b30e27dd/files/0a8dbb6320799e452bfe7fe842b87cc48f3a71e76ce8e483beac312c379ac5e5 [none]
[debug] [2021-04-18T16:23:30.793Z] >>> [apiv2][body] POST https://upload-firebasehosting.googleapis.com/upload/sites/forkify-21e1b/versions/b0d6a9c9b30e27dd/files/0a8dbb6320799e452bfe7fe842b87cc48f3a71e76ce8e483beac312c379ac5e5 [stream]
[debug] [2021-04-18T16:23:36.639Z] [uploadQueue] Retrying task 4772e57d3d313dec8112af0471d56b4c6d337cbf989a59e682bce6c27d603f18
[debug] [2021-04-18T16:23:36.640Z] >>> [apiv2][query] POST https://upload-firebasehosting.googleapis.com/upload/sites/forkify-21e1b/versions/b0d6a9c9b30e27dd/files/4772e57d3d313dec8112af0471d56b4c6d337cbf989a59e682bce6c27d603f18 [none]
[debug] [2021-04-18T16:23:36.640Z] >>> [apiv2][body] POST https://upload-firebasehosting.googleapis.com/upload/sites/forkify-21e1b/versions/b0d6a9c9b30e27dd/files/4772e57d3d313dec8112af0471d56b4c6d337cbf989a59e682bce6c27d603f18 [stream]
[debug] [2021-04-18T16:23:42.369Z] [uploadQueue] Retrying task 3afffd7ba9b89a66eba4a87a60acdacf93997e4cb4bb07ce59cd1eca3a69f697
[debug] [2021-04-18T16:23:42.371Z] >>> [apiv2][query] POST https://upload-firebasehosting.googleapis.com/upload/sites/forkify-21e1b/versions/b0d6a9c9b30e27dd/files/3afffd7ba9b89a66eba4a87a60acdacf93997e4cb4bb07ce59cd1eca3a69f697 [none]
[debug] [2021-04-18T16:23:42.371Z] >>> [apiv2][body] POST https://upload-firebasehosting.googleapis.com/upload/sites/forkify-21e1b/versions/b0d6a9c9b30e27dd/files/3afffd7ba9b89a66eba4a87a60acdacf93997e4cb4bb07ce59cd1eca3a69f697 [stream]
[debug] [2021-04-18T16:23:46.647Z] [uploadQueue] Retrying task 561de6e8b5792e0d3f8a4814eeb156f730b4e9dd1c635b0135e646abc3e0297e
[debug] [2021-04-18T16:23:46.648Z] >>> [apiv2][query] POST https://upload-firebasehosting.googleapis.com/upload/sites/forkify-21e1b/versions/b0d6a9c9b30e27dd/files/561de6e8b5792e0d3f8a4814eeb156f730b4e9dd1c635b0135e646abc3e0297e [none]
[debug] [2021-04-18T16:23:46.649Z] >>> [apiv2][body] POST https://upload-firebasehosting.googleapis.com/upload/sites/forkify-21e1b/versions/b0d6a9c9b30e27dd/files/561de6e8b5792e0d3f8a4814eeb156f730b4e9dd1c635b0135e646abc3e0297e [stream]
[debug] [2021-04-18T16:23:52.376Z] [uploadQueue] Retrying task 1d7e548ed532ab58dd3cb21458af19ad1b32e48ad3b6d4b34ab20bb093519dc1
[debug] [2021-04-18T16:23:52.378Z] >>> [apiv2][query] POST https://upload-firebasehosting.googleapis.com/upload/sites/forkify-21e1b/versions/b0d6a9c9b30e27dd/files/1d7e548ed532ab58dd3cb21458af19ad1b32e48ad3b6d4b34ab20bb093519dc1 [none]
[debug] [2021-04-18T16:23:52.378Z] >>> [apiv2][body] POST https://upload-firebasehosting.googleapis.com/upload/sites/forkify-21e1b/versions/b0d6a9c9b30e27dd/files/1d7e548ed532ab58dd3cb21458af19ad1b32e48ad3b6d4b34ab20bb093519dc1 [stream]
[debug] [2021-04-18T16:23:56.656Z] [uploadQueue] Retrying task f9892530b60e23a4ca4a7c9653470a0105b8d678a38bc3c79c507990dff14bbd
[debug] [2021-04-18T16:23:56.657Z] >>> [apiv2][query] POST https://upload-firebasehosting.googleapis.com/upload/sites/forkify-21e1b/versions/b0d6a9c9b30e27dd/files/f9892530b60e23a4ca4a7c9653470a0105b8d678a38bc3c79c507990dff14bbd [none]
[debug] [2021-04-18T16:23:56.658Z] >>> [apiv2][body] POST https://upload-firebasehosting.googleapis.com/upload/sites/forkify-21e1b/versions/b0d6a9c9b30e27dd/files/f9892530b60e23a4ca4a7c9653470a0105b8d678a38bc3c79c507990dff14bbd [stream]
[debug] [2021-04-18T16:24:02.377Z] [uploadQueue] Retrying task 8f8e757ae54cd63e8f08c42c63a2e479622bd1f8c90735334a85bd67c273d9ef
[debug] [2021-04-18T16:24:02.378Z] >>> [apiv2][query] POST https://upload-firebasehosting.googleapis.com/upload/sites/forkify-21e1b/versions/b0d6a9c9b30e27dd/files/8f8e757ae54cd63e8f08c42c63a2e479622bd1f8c90735334a85bd67c273d9ef [none]
[debug] [2021-04-18T16:24:02.379Z] >>> [apiv2][body] POST https://upload-firebasehosting.googleapis.com/upload/sites/forkify-21e1b/versions/b0d6a9c9b30e27dd/files/8f8e757ae54cd63e8f08c42c63a2e479622bd1f8c90735334a85bd67c273d9ef [stream]
[debug] [2021-04-18T16:24:02.382Z] [uploadQueue] Retrying task 689ae5083280b35bcba6282ad21de29f3db50bf1be7ed6d48c2438e9415e8fa6
[debug] [2021-04-18T16:24:02.383Z] >>> [apiv2][query] POST https://upload-firebasehosting.googleapis.com/upload/sites/forkify-21e1b/versions/b0d6a9c9b30e27dd/files/689ae5083280b35bcba6282ad21de29f3db50bf1be7ed6d48c2438e9415e8fa6 [none]
[debug] [2021-04-18T16:24:02.383Z] >>> [apiv2][body] POST https://upload-firebasehosting.googleapis.com/upload/sites/forkify-21e1b/versions/b0d6a9c9b30e27dd/files/689ae5083280b35bcba6282ad21de29f3db50bf1be7ed6d48c2438e9415e8fa6 [stream]
[debug] [2021-04-18T16:24:02.384Z] [uploadQueue] Retrying task 2db19a3306197b82fc8f8e2b5b6a6b31619deb2ed75970ab1df4d208da532c9d
[debug] [2021-04-18T16:24:02.384Z] >>> [apiv2][query] POST https://upload-firebasehosting.googleapis.com/upload/sites/forkify-21e1b/versions/b0d6a9c9b30e27dd/files/2db19a3306197b82fc8f8e2b5b6a6b31619deb2ed75970ab1df4d208da532c9d [none]
[debug] [2021-04-18T16:24:02.384Z] >>> [apiv2][body] POST https://upload-firebasehosting.googleapis.com/upload/sites/forkify-21e1b/versions/b0d6a9c9b30e27dd/files/2db19a3306197b82fc8f8e2b5b6a6b31619deb2ed75970ab1df4d208da532c9d [stream]
[debug] [2021-04-18T16:24:02.387Z] [uploadQueue] Retrying task 9812b443c7127c48b4ba4b6e66ba53c972e07fbc813c3251b14420b60e1753c6
[debug] [2021-04-18T16:24:02.387Z] >>> [apiv2][query] POST https://upload-firebasehosting.googleapis.com/upload/sites/forkify-21e1b/versions/b0d6a9c9b30e27dd/files/9812b443c7127c48b4ba4b6e66ba53c972e07fbc813c3251b14420b60e1753c6 [none]
[debug] [2021-04-18T16:24:02.388Z] >>> [apiv2][body] POST https://upload-firebasehosting.googleapis.com/upload/sites/forkify-21e1b/versions/b0d6a9c9b30e27dd/files/9812b443c7127c48b4ba4b6e66ba53c972e07fbc813c3251b14420b60e1753c6 [stream]
[debug] [2021-04-18T16:24:02.391Z] [uploadQueue] Retrying task 2281f75363a486f393ce14701fd5287bbd02121371416f81547744065bef11a2
[debug] [2021-04-18T16:24:02.391Z] >>> [apiv2][query] POST https://upload-firebasehosting.googleapis.com/upload/sites/forkify-21e1b/versions/b0d6a9c9b30e27dd/files/2281f75363a486f393ce14701fd5287bbd02121371416f81547744065bef11a2 [none]
[debug] [2021-04-18T16:24:02.391Z] >>> [apiv2][body] POST https://upload-firebasehosting.googleapis.com/upload/sites/forkify-21e1b/versions/b0d6a9c9b30e27dd/files/2281f75363a486f393ce14701fd5287bbd02121371416f81547744065bef11a2 [stream]
[debug] [2021-04-18T16:24:02.393Z] [uploadQueue] Retrying task 0a8dbb6320799e452bfe7fe842b87cc48f3a71e76ce8e483beac312c379ac5e5
[debug] [2021-04-18T16:24:02.394Z] >>> [apiv2][query] POST https://upload-firebasehosting.googleapis.com/upload/sites/forkify-21e1b/versions/b0d6a9c9b30e27dd/files/0a8dbb6320799e452bfe7fe842b87cc48f3a71e76ce8e483beac312c379ac5e5 [none]
[debug] [2021-04-18T16:24:02.394Z] >>> [apiv2][body] POST https://upload-firebasehosting.googleapis.com/upload/sites/forkify-21e1b/versions/b0d6a9c9b30e27dd/files/0a8dbb6320799e452bfe7fe842b87cc48f3a71e76ce8e483beac312c379ac5e5 [stream]
[debug] [2021-04-18T16:24:09.840Z] [uploadQueue] Retrying task 4772e57d3d313dec8112af0471d56b4c6d337cbf989a59e682bce6c27d603f18
[debug] [2021-04-18T16:24:09.841Z] >>> [apiv2][query] POST https://upload-firebasehosting.googleapis.com/upload/sites/forkify-21e1b/versions/b0d6a9c9b30e27dd/files/4772e57d3d313dec8112af0471d56b4c6d337cbf989a59e682bce6c27d603f18 [none]
[debug] [2021-04-18T16:24:09.842Z] >>> [apiv2][body] POST https://upload-firebasehosting.googleapis.com/upload/sites/forkify-21e1b/versions/b0d6a9c9b30e27dd/files/4772e57d3d313dec8112af0471d56b4c6d337cbf989a59e682bce6c27d603f18 [stream]
[debug] [2021-04-18T16:24:15.572Z] [uploadQueue] Retrying task 3afffd7ba9b89a66eba4a87a60acdacf93997e4cb4bb07ce59cd1eca3a69f697
[debug] [2021-04-18T16:24:15.573Z] >>> [apiv2][query] POST https://upload-firebasehosting.googleapis.com/upload/sites/forkify-21e1b/versions/b0d6a9c9b30e27dd/files/3afffd7ba9b89a66eba4a87a60acdacf93997e4cb4bb07ce59cd1eca3a69f697 [none]
[debug] [2021-04-18T16:24:15.574Z] >>> [apiv2][body] POST https://upload-firebasehosting.googleapis.com/upload/sites/forkify-21e1b/versions/b0d6a9c9b30e27dd/files/3afffd7ba9b89a66eba4a87a60acdacf93997e4cb4bb07ce59cd1eca3a69f697 [stream]
[debug] [2021-04-18T16:24:19.848Z] [uploadQueue] Retrying task 561de6e8b5792e0d3f8a4814eeb156f730b4e9dd1c635b0135e646abc3e0297e
[debug] [2021-04-18T16:24:19.849Z] >>> [apiv2][query] POST https://upload-firebasehosting.googleapis.com/upload/sites/forkify-21e1b/versions/b0d6a9c9b30e27dd/files/561de6e8b5792e0d3f8a4814eeb156f730b4e9dd1c635b0135e646abc3e0297e [none]
[debug] [2021-04-18T16:24:19.850Z] >>> [apiv2][body] POST https://upload-firebasehosting.googleapis.com/upload/sites/forkify-21e1b/versions/b0d6a9c9b30e27dd/files/561de6e8b5792e0d3f8a4814eeb156f730b4e9dd1c635b0135e646abc3e0297e [stream]
[debug] [2021-04-18T16:24:25.577Z] [uploadQueue] Retrying task 1d7e548ed532ab58dd3cb21458af19ad1b32e48ad3b6d4b34ab20bb093519dc1
[debug] [2021-04-18T16:24:25.579Z] >>> [apiv2][query] POST https://upload-firebasehosting.googleapis.com/upload/sites/forkify-21e1b/versions/b0d6a9c9b30e27dd/files/1d7e548ed532ab58dd3cb21458af19ad1b32e48ad3b6d4b34ab20bb093519dc1 [none]
[debug] [2021-04-18T16:24:25.579Z] >>> [apiv2][body] POST https://upload-firebasehosting.googleapis.com/upload/sites/forkify-21e1b/versions/b0d6a9c9b30e27dd/files/1d7e548ed532ab58dd3cb21458af19ad1b32e48ad3b6d4b34ab20bb093519dc1 [stream]
[debug] [2021-04-18T16:24:29.857Z] [uploadQueue] Retrying task f9892530b60e23a4ca4a7c9653470a0105b8d678a38bc3c79c507990dff14bbd
[debug] [2021-04-18T16:24:29.858Z] >>> [apiv2][query] POST https://upload-firebasehosting.googleapis.com/upload/sites/forkify-21e1b/versions/b0d6a9c9b30e27dd/files/f9892530b60e23a4ca4a7c9653470a0105b8d678a38bc3c79c507990dff14bbd [none]
[debug] [2021-04-18T16:24:29.858Z] >>> [apiv2][body] POST https://upload-firebasehosting.googleapis.com/upload/sites/forkify-21e1b/versions/b0d6a9c9b30e27dd/files/f9892530b60e23a4ca4a7c9653470a0105b8d678a38bc3c79c507990dff14bbd [stream]
[debug] [2021-04-18T16:24:35.579Z] [uploadQueue] Retrying task 8f8e757ae54cd63e8f08c42c63a2e479622bd1f8c90735334a85bd67c273d9ef
[debug] [2021-04-18T16:24:35.580Z] >>> [apiv2][query] POST https://upload-firebasehosting.googleapis.com/upload/sites/forkify-21e1b/versions/b0d6a9c9b30e27dd/files/8f8e757ae54cd63e8f08c42c63a2e479622bd1f8c90735334a85bd67c273d9ef [none]
[debug] [2021-04-18T16:24:35.581Z] >>> [apiv2][body] POST https://upload-firebasehosting.googleapis.com/upload/sites/forkify-21e1b/versions/b0d6a9c9b30e27dd/files/8f8e757ae54cd63e8f08c42c63a2e479622bd1f8c90735334a85bd67c273d9ef [stream]
[debug] [2021-04-18T16:24:35.583Z] [uploadQueue] Retrying task 689ae5083280b35bcba6282ad21de29f3db50bf1be7ed6d48c2438e9415e8fa6
[debug] [2021-04-18T16:24:35.585Z] >>> [apiv2][query] POST https://upload-firebasehosting.googleapis.com/upload/sites/forkify-21e1b/versions/b0d6a9c9b30e27dd/files/689ae5083280b35bcba6282ad21de29f3db50bf1be7ed6d48c2438e9415e8fa6 [none]
[debug] [2021-04-18T16:24:35.585Z] >>> [apiv2][body] POST https://upload-firebasehosting.googleapis.com/upload/sites/forkify-21e1b/versions/b0d6a9c9b30e27dd/files/689ae5083280b35bcba6282ad21de29f3db50bf1be7ed6d48c2438e9415e8fa6 [stream]
[debug] [2021-04-18T16:24:35.586Z] [uploadQueue] Retrying task 2db19a3306197b82fc8f8e2b5b6a6b31619deb2ed75970ab1df4d208da532c9d
[debug] [2021-04-18T16:24:35.586Z] >>> [apiv2][query] POST https://upload-firebasehosting.googleapis.com/upload/sites/forkify-21e1b/versions/b0d6a9c9b30e27dd/files/2db19a3306197b82fc8f8e2b5b6a6b31619deb2ed75970ab1df4d208da532c9d [none]
[debug] [2021-04-18T16:24:35.586Z] >>> [apiv2][body] POST https://upload-firebasehosting.googleapis.com/upload/sites/forkify-21e1b/versions/b0d6a9c9b30e27dd/files/2db19a3306197b82fc8f8e2b5b6a6b31619deb2ed75970ab1df4d208da532c9d [stream]
[debug] [2021-04-18T16:24:35.590Z] [uploadQueue] Retrying task 9812b443c7127c48b4ba4b6e66ba53c972e07fbc813c3251b14420b60e1753c6
[debug] [2021-04-18T16:24:35.590Z] >>> [apiv2][query] POST https://upload-firebasehosting.googleapis.com/upload/sites/forkify-21e1b/versions/b0d6a9c9b30e27dd/files/9812b443c7127c48b4ba4b6e66ba53c972e07fbc813c3251b14420b60e1753c6 [none]
[debug] [2021-04-18T16:24:35.591Z] >>> [apiv2][body] POST https://upload-firebasehosting.googleapis.com/upload/sites/forkify-21e1b/versions/b0d6a9c9b30e27dd/files/9812b443c7127c48b4ba4b6e66ba53c972e07fbc813c3251b14420b60e1753c6 [stream]
[debug] [2021-04-18T16:24:35.592Z] [uploadQueue] Retrying task 2281f75363a486f393ce14701fd5287bbd02121371416f81547744065bef11a2
[debug] [2021-04-18T16:24:35.592Z] >>> [apiv2][query] POST https://upload-firebasehosting.googleapis.com/upload/sites/forkify-21e1b/versions/b0d6a9c9b30e27dd/files/2281f75363a486f393ce14701fd5287bbd02121371416f81547744065bef11a2 [none]
[debug] [2021-04-18T16:24:35.592Z] >>> [apiv2][body] POST https://upload-firebasehosting.googleapis.com/upload/sites/forkify-21e1b/versions/b0d6a9c9b30e27dd/files/2281f75363a486f393ce14701fd5287bbd02121371416f81547744065bef11a2 [stream]
[debug] [2021-04-18T16:24:35.594Z] [uploadQueue] Retrying task 0a8dbb6320799e452bfe7fe842b87cc48f3a71e76ce8e483beac312c379ac5e5
[debug] [2021-04-18T16:24:35.595Z] >>> [apiv2][query] POST https://upload-firebasehosting.googleapis.com/upload/sites/forkify-21e1b/versions/b0d6a9c9b30e27dd/files/0a8dbb6320799e452bfe7fe842b87cc48f3a71e76ce8e483beac312c379ac5e5 [none]
[debug] [2021-04-18T16:24:35.595Z] >>> [apiv2][body] POST https://upload-firebasehosting.googleapis.com/upload/sites/forkify-21e1b/versions/b0d6a9c9b30e27dd/files/0a8dbb6320799e452bfe7fe842b87cc48f3a71e76ce8e483beac312c379ac5e5 [stream]
[debug] [2021-04-18T16:24:46.243Z] [uploadQueue] Retrying task 4772e57d3d313dec8112af0471d56b4c6d337cbf989a59e682bce6c27d603f18
[debug] [2021-04-18T16:24:46.244Z] >>> [apiv2][query] POST https://upload-firebasehosting.googleapis.com/upload/sites/forkify-21e1b/versions/b0d6a9c9b30e27dd/files/4772e57d3d313dec8112af0471d56b4c6d337cbf989a59e682bce6c27d603f18 [none]
[debug] [2021-04-18T16:24:46.245Z] >>> [apiv2][body] POST https://upload-firebasehosting.googleapis.com/upload/sites/forkify-21e1b/versions/b0d6a9c9b30e27dd/files/4772e57d3d313dec8112af0471d56b4c6d337cbf989a59e682bce6c27d603f18 [stream]
[debug] [2021-04-18T16:24:51.974Z] [uploadQueue] Retrying task 3afffd7ba9b89a66eba4a87a60acdacf93997e4cb4bb07ce59cd1eca3a69f697
[debug] [2021-04-18T16:24:51.974Z] >>> [apiv2][query] POST https://upload-firebasehosting.googleapis.com/upload/sites/forkify-21e1b/versions/b0d6a9c9b30e27dd/files/3afffd7ba9b89a66eba4a87a60acdacf93997e4cb4bb07ce59cd1eca3a69f697 [none]
[debug] [2021-04-18T16:24:51.975Z] >>> [apiv2][body] POST https://upload-firebasehosting.googleapis.com/upload/sites/forkify-21e1b/versions/b0d6a9c9b30e27dd/files/3afffd7ba9b89a66eba4a87a60acdacf93997e4cb4bb07ce59cd1eca3a69f697 [stream]
[debug] [2021-04-18T16:24:56.252Z] [uploadQueue] Retrying task 561de6e8b5792e0d3f8a4814eeb156f730b4e9dd1c635b0135e646abc3e0297e
[debug] [2021-04-18T16:24:56.253Z] >>> [apiv2][query] POST https://upload-firebasehosting.googleapis.com/upload/sites/forkify-21e1b/versions/b0d6a9c9b30e27dd/files/561de6e8b5792e0d3f8a4814eeb156f730b4e9dd1c635b0135e646abc3e0297e [none]
[debug] [2021-04-18T16:24:56.253Z] >>> [apiv2][body] POST https://upload-firebasehosting.googleapis.com/upload/sites/forkify-21e1b/versions/b0d6a9c9b30e27dd/files/561de6e8b5792e0d3f8a4814eeb156f730b4e9dd1c635b0135e646abc3e0297e [stream]
[debug] [2021-04-18T16:25:01.979Z] [uploadQueue] Retrying task 1d7e548ed532ab58dd3cb21458af19ad1b32e48ad3b6d4b34ab20bb093519dc1
[debug] [2021-04-18T16:25:01.981Z] >>> [apiv2][query] POST https://upload-firebasehosting.googleapis.com/upload/sites/forkify-21e1b/versions/b0d6a9c9b30e27dd/files/1d7e548ed532ab58dd3cb21458af19ad1b32e48ad3b6d4b34ab20bb093519dc1 [none]
[debug] [2021-04-18T16:25:01.981Z] >>> [apiv2][body] POST https://upload-firebasehosting.googleapis.com/upload/sites/forkify-21e1b/versions/b0d6a9c9b30e27dd/files/1d7e548ed532ab58dd3cb21458af19ad1b32e48ad3b6d4b34ab20bb093519dc1 [stream]
[debug] [2021-04-18T16:25:06.258Z] [uploadQueue] Retrying task f9892530b60e23a4ca4a7c9653470a0105b8d678a38bc3c79c507990dff14bbd
[debug] [2021-04-18T16:25:06.260Z] >>> [apiv2][query] POST https://upload-firebasehosting.googleapis.com/upload/sites/forkify-21e1b/versions/b0d6a9c9b30e27dd/files/f9892530b60e23a4ca4a7c9653470a0105b8d678a38bc3c79c507990dff14bbd [none]
[debug] [2021-04-18T16:25:06.260Z] >>> [apiv2][body] POST https://upload-firebasehosting.googleapis.com/upload/sites/forkify-21e1b/versions/b0d6a9c9b30e27dd/files/f9892530b60e23a4ca4a7c9653470a0105b8d678a38bc3c79c507990dff14bbd [stream]
[debug] [2021-04-18T16:25:11.981Z] [uploadQueue] Retrying task 8f8e757ae54cd63e8f08c42c63a2e479622bd1f8c90735334a85bd67c273d9ef
[debug] [2021-04-18T16:25:11.982Z] >>> [apiv2][query] POST https://upload-firebasehosting.googleapis.com/upload/sites/forkify-21e1b/versions/b0d6a9c9b30e27dd/files/8f8e757ae54cd63e8f08c42c63a2e479622bd1f8c90735334a85bd67c273d9ef [none]
[debug] [2021-04-18T16:25:11.983Z] >>> [apiv2][body] POST https://upload-firebasehosting.googleapis.com/upload/sites/forkify-21e1b/versions/b0d6a9c9b30e27dd/files/8f8e757ae54cd63e8f08c42c63a2e479622bd1f8c90735334a85bd67c273d9ef [stream]
[debug] [2021-04-18T16:25:11.987Z] [uploadQueue] Retrying task 689ae5083280b35bcba6282ad21de29f3db50bf1be7ed6d48c2438e9415e8fa6
[debug] [2021-04-18T16:25:11.988Z] >>> [apiv2][query] POST https://upload-firebasehosting.googleapis.com/upload/sites/forkify-21e1b/versions/b0d6a9c9b30e27dd/files/689ae5083280b35bcba6282ad21de29f3db50bf1be7ed6d48c2438e9415e8fa6 [none]
[debug] [2021-04-18T16:25:11.988Z] >>> [apiv2][body] POST https://upload-firebasehosting.googleapis.com/upload/sites/forkify-21e1b/versions/b0d6a9c9b30e27dd/files/689ae5083280b35bcba6282ad21de29f3db50bf1be7ed6d48c2438e9415e8fa6 [stream]
[debug] [2021-04-18T16:25:11.991Z] [uploadQueue] Retrying task 2db19a3306197b82fc8f8e2b5b6a6b31619deb2ed75970ab1df4d208da532c9d
[debug] [2021-04-18T16:25:11.992Z] >>> [apiv2][query] POST https://upload-firebasehosting.googleapis.com/upload/sites/forkify-21e1b/versions/b0d6a9c9b30e27dd/files/2db19a3306197b82fc8f8e2b5b6a6b31619deb2ed75970ab1df4d208da532c9d [none]
[debug] [2021-04-18T16:25:11.992Z] >>> [apiv2][body] POST https://upload-firebasehosting.googleapis.com/upload/sites/forkify-21e1b/versions/b0d6a9c9b30e27dd/files/2db19a3306197b82fc8f8e2b5b6a6b31619deb2ed75970ab1df4d208da532c9d [stream]
[debug] [2021-04-18T16:25:11.994Z] [uploadQueue] Retrying task 9812b443c7127c48b4ba4b6e66ba53c972e07fbc813c3251b14420b60e1753c6
[debug] [2021-04-18T16:25:11.995Z] >>> [apiv2][query] POST https://upload-firebasehosting.googleapis.com/upload/sites/forkify-21e1b/versions/b0d6a9c9b30e27dd/files/9812b443c7127c48b4ba4b6e66ba53c972e07fbc813c3251b14420b60e1753c6 [none]
[debug] [2021-04-18T16:25:11.995Z] >>> [apiv2][body] POST https://upload-firebasehosting.googleapis.com/upload/sites/forkify-21e1b/versions/b0d6a9c9b30e27dd/files/9812b443c7127c48b4ba4b6e66ba53c972e07fbc813c3251b14420b60e1753c6 [stream]
[debug] [2021-04-18T16:25:11.997Z] [uploadQueue] Retrying task 2281f75363a486f393ce14701fd5287bbd02121371416f81547744065bef11a2
[debug] [2021-04-18T16:25:11.998Z] >>> [apiv2][query] POST https://upload-firebasehosting.googleapis.com/upload/sites/forkify-21e1b/versions/b0d6a9c9b30e27dd/files/2281f75363a486f393ce14701fd5287bbd02121371416f81547744065bef11a2 [none]
[debug] [2021-04-18T16:25:11.998Z] >>> [apiv2][body] POST https://upload-firebasehosting.googleapis.com/upload/sites/forkify-21e1b/versions/b0d6a9c9b30e27dd/files/2281f75363a486f393ce14701fd5287bbd02121371416f81547744065bef11a2 [stream]
[debug] [2021-04-18T16:25:12.001Z] [uploadQueue] Retrying task 0a8dbb6320799e452bfe7fe842b87cc48f3a71e76ce8e483beac312c379ac5e5
[debug] [2021-04-18T16:25:12.003Z] >>> [apiv2][query] POST https://upload-firebasehosting.googleapis.com/upload/sites/forkify-21e1b/versions/b0d6a9c9b30e27dd/files/0a8dbb6320799e452bfe7fe842b87cc48f3a71e76ce8e483beac312c379ac5e5 [none]
[debug] [2021-04-18T16:25:12.003Z] >>> [apiv2][body] POST https://upload-firebasehosting.googleapis.com/upload/sites/forkify-21e1b/versions/b0d6a9c9b30e27dd/files/0a8dbb6320799e452bfe7fe842b87cc48f3a71e76ce8e483beac312c379ac5e5 [stream]
[debug] Task 4772e57d3d313dec8112af0471d56b4c6d337cbf989a59e682bce6c27d603f18 failed: retries exhausted after 6 attempts
[debug] [2021-04-18T16:25:16.245Z] [hosting][upload queue][FINAL] {"max":23023,"min":8009,"avg":15106,"active":10,"complete":7,"success":6,"errored":1,"retried":55,"total":17,"elapsed":166699}
[debug] Task 3afffd7ba9b89a66eba4a87a60acdacf93997e4cb4bb07ce59cd1eca3a69f697 failed: retries exhausted after 6 attempts
[debug] Task 561de6e8b5792e0d3f8a4814eeb156f730b4e9dd1c635b0135e646abc3e0297e failed: retries exhausted after 6 attempts
[debug] Task 1d7e548ed532ab58dd3cb21458af19ad1b32e48ad3b6d4b34ab20bb093519dc1 failed: retries exhausted after 6 attempts
[debug] Task f9892530b60e23a4ca4a7c9653470a0105b8d678a38bc3c79c507990dff14bbd failed: retries exhausted after 6 attempts
[debug] Task 8f8e757ae54cd63e8f08c42c63a2e479622bd1f8c90735334a85bd67c273d9ef failed: retries exhausted after 6 attempts
[debug] Task 689ae5083280b35bcba6282ad21de29f3db50bf1be7ed6d48c2438e9415e8fa6 failed: retries exhausted after 6 attempts
[debug] Task 2db19a3306197b82fc8f8e2b5b6a6b31619deb2ed75970ab1df4d208da532c9d failed: retries exhausted after 6 attempts
[debug] Task 9812b443c7127c48b4ba4b6e66ba53c972e07fbc813c3251b14420b60e1753c6 failed: retries exhausted after 6 attempts
[debug] Task 2281f75363a486f393ce14701fd5287bbd02121371416f81547744065bef11a2 failed: retries exhausted after 6 attempts
[debug] Task 0a8dbb6320799e452bfe7fe842b87cc48f3a71e76ce8e483beac312c379ac5e5 failed: retries exhausted after 6 attempts
